<?xml version="1.0" encoding="UTF-8"?>
<!-- Generated by org.testng.reporters.JUnitReportReporter -->
<testsuite hostname="LAPTOP-151VN14N" failures="0" tests="3" name="sele.testng_test.Login_Tests" time="0.016" errors="0" timestamp="2025-05-27T12:15:48 IST" skipped="0">
  <testcase classname="sele.testng_test.Login_Tests" name="loginByEmail" time="0.012"/>
  <testcase classname="sele.testng_test.Login_Tests" name="loginByFb" time="0.001"/>
  <testcase classname="sele.testng_test.Login_Tests" name="loginByInsta" time="0.003"/>
</testsuite> <!-- sele.testng_test.Login_Tests -->
