<?xml version="1.0" encoding="UTF-8"?>
<!-- Generated by org.testng.reporters.JUnitReportReporter -->
<testsuite hostname="LAPTOP-151VN14N" failures="0" tests="5" name="sele.testng_test.Data_Providers" time="1.348" errors="0" timestamp="2025-05-08T11:59:23 IST" skipped="0">
  <testcase classname="sele.testng_test.Data_Providers" name="testSelectCountry" time="0.325"/>
  <testcase classname="sele.testng_test.Data_Providers" name="testSelectCountry" time="0.267"/>
  <testcase classname="sele.testng_test.Data_Providers" name="testSelectCountry" time="0.319"/>
  <testcase classname="sele.testng_test.Data_Providers" name="testSelectCountry" time="0.236"/>
  <testcase classname="sele.testng_test.Data_Providers" name="testSelectCountry" time="0.201"/>
</testsuite> <!-- sele.testng_test.Data_Providers -->
