<?xml version="1.0" encoding="UTF-8"?>
<!-- Generated by org.testng.reporters.JUnitReportReporter -->
<testsuite hostname="LAPTOP-151VN14N" failures="0" tests="2" name="sele.testng_test.Payment_Tests" time="0.014" errors="0" timestamp="2025-05-27T12:29:43 IST" skipped="0">
  <testcase classname="sele.testng_test.Payment_Tests" name="paymentinRupees" time="0.013"/>
  <testcase classname="sele.testng_test.Payment_Tests" name="paymentinDollars" time="0.001"/>
</testsuite> <!-- sele.testng_test.Payment_Tests -->
