<?xml version="1.0" encoding="UTF-8"?>
<!-- Generated by org.testng.reporters.JUnitReportReporter -->
<testsuite hostname="LAPTOP-151VN14N" failures="0" tests="3" name="sele.testng_test.Login" time="0.018" errors="0" timestamp="2025-04-12T19:28:42 IST" skipped="0">
  <testcase classname="sele.testng_test.Login" name="closeapp" time="0.013"/>
  <testcase classname="sele.testng_test.Login" name="login" time="0.003"/>
  <testcase classname="sele.testng_test.Login" name="openapp" time="0.002"/>
</testsuite> <!-- sele.testng_test.Login -->
