<?xml version="1.0" encoding="UTF-8"?>
<!-- Generated by org.testng.reporters.JUnitReportReporter -->
<testsuite hostname="LAPTOP-151VN14N" failures="0" tests="2" name="sele.testng_test.Annotations_Practise" time="0.035" errors="0" timestamp="2025-04-12T12:43:33 IST" skipped="0">
  <testcase classname="sele.testng_test.Annotations_Practise" name="search" time="0.033"/>
  <testcase classname="sele.testng_test.Annotations_Practise" name="advsearch" time="0.002"/>
</testsuite> <!-- sele.testng_test.Annotations_Practise -->
