<?xml version="1.0" encoding="UTF-8"?>
<!-- Generated by org.testng.reporters.JUnitReportReporter -->
<testsuite hostname="LAPTOP-151VN14N" failures="0" tests="9" name="sele.testng_test.Parallel_Execution" time="4.013" errors="0" timestamp="2025-05-13T11:57:49 IST" skipped="0">
  <testcase classname="sele.testng_test.Parallel_Execution" name="testLogo" time="3.105"/>
  <testcase classname="sele.testng_test.Parallel_Execution" name="testLogo" time="0.157"/>
  <testcase classname="sele.testng_test.Parallel_Execution" name="testLogo" time="0.048"/>
  <testcase classname="sele.testng_test.Parallel_Execution" name="testTitle" time="0.309"/>
  <testcase classname="sele.testng_test.Parallel_Execution" name="testTitle" time="0.012"/>
  <testcase classname="sele.testng_test.Parallel_Execution" name="testTitle" time="0.025"/>
  <testcase classname="sele.testng_test.Parallel_Execution" name="testURL" time="0.328"/>
  <testcase classname="sele.testng_test.Parallel_Execution" name="testURL" time="0.005"/>
  <testcase classname="sele.testng_test.Parallel_Execution" name="testURL" time="0.024"/>
</testsuite> <!-- sele.testng_test.Parallel_Execution -->
