<?xml version="1.0" encoding="UTF-8"?>
<!-- Generated by org.testng.reporters.JUnitReportReporter -->
<testsuite hostname="LAPTOP-151VN14N" failures="0" tests="4" name="sele.testng_test.OrangeHRM" time="14.277" errors="0" timestamp="2025-05-20T17:39:52 IST" skipped="0">
  <testcase classname="sele.testng_test.OrangeHRM" name="openapp" time="8.922"/>
  <testcase classname="sele.testng_test.OrangeHRM" name="testlogo" time="3.065"/>
  <testcase classname="sele.testng_test.OrangeHRM" name="testlogin" time="0.329"/>
  <testcase classname="sele.testng_test.OrangeHRM" name="closeapp" time="1.961"/>
</testsuite> <!-- sele.testng_test.OrangeHRM -->
