<?xml version="1.0" encoding="UTF-8"?>
<!-- Generated by org.testng.reporters.JUnitReportReporter -->
<testsuite hostname="LAPTOP-151VN14N" failures="0" tests="3" name="sele.testng_test.Areth" time="0.028" errors="0" timestamp="2025-04-11T11:50:00 IST" skipped="0">
  <testcase classname="sele.testng_test.Areth" name="closeapp" time="0.022"/>
  <testcase classname="sele.testng_test.Areth" name="login" time="0.003"/>
  <testcase classname="sele.testng_test.Areth" name="openapp" time="0.003"/>
</testsuite> <!-- sele.testng_test.Areth -->
