<?xml version="1.0" encoding="UTF-8"?>
<!-- Generated by org.testng.reporters.JUnitReportReporter -->
<testsuite hostname="LAPTOP-151VN14N" failures="0" tests="1" name="sele.testng_test.Login_Test" time="0.843" errors="0" timestamp="2025-05-28T12:16:36 IST" skipped="0">
  <testcase classname="sele.testng_test.Login_Test" name="testLogin" time="0.843"/>
</testsuite> <!-- sele.testng_test.Login_Test -->
