<?xml version="1.0" encoding="UTF-8"?>
<!-- Generated by org.testng.reporters.JUnitReportReporter -->
<testsuite hostname="LAPTOP-151VN14N" failures="0" tests="4" name="sele.testng_test.OrangeHRM" time="10.785" errors="0" timestamp="2025-05-21T12:53:37 IST" skipped="0">
  <testcase classname="sele.testng_test.OrangeHRM" name="openapp" time="6.979"/>
  <testcase classname="sele.testng_test.OrangeHRM" name="testlogo" time="3.055"/>
  <testcase classname="sele.testng_test.OrangeHRM" name="testlogin" time="0.365"/>
  <testcase classname="sele.testng_test.OrangeHRM" name="closeapp" time="0.386"/>
</testsuite> <!-- sele.testng_test.OrangeHRM -->
