<?xml version="1.0" encoding="UTF-8"?>
<!-- Generated by org.testng.reporters.JUnitReportReporter -->
<testsuite hostname="LAPTOP-151VN14N" failures="0" tests="1" name="pom.Login_Test_Pom" time="1.217" errors="0" timestamp="2025-05-28T13:53:18 IST" skipped="0">
  <testcase classname="pom.Login_Test_Pom" name="testLogin" time="1.217"/>
</testsuite> <!-- pom.Login_Test_Pom -->
