<?xml version="1.0" encoding="UTF-8"?>
<!-- Generated by org.testng.reporters.JUnitReportReporter -->
<testsuite hostname="LAPTOP-151VN14N" failures="0" tests="2" name="sele.testng_test.Annotations_Classes" time="0.015" errors="0" timestamp="2025-04-12T11:09:50 IST" skipped="0">
  <testcase classname="sele.testng_test.Annotations_Classes" name="search" time="0.009"/>
  <testcase classname="sele.testng_test.Annotations_Classes" name="advsearch" time="0.006"/>
</testsuite> <!-- sele.testng_test.Annotations_Classes -->
